<?xml version="1.0" encoding="UTF-8"?>
<!-- Generated by org.testng.reporters.JUnitReportReporter -->
<testsuite skipped="0" hostname="prakashs-MacBook-Air.local" name="com.crm.qa.ContactsPageTest" tests="6" failures="0" timestamp="12 Jul 2018 22:15:27 GMT" time="43.260" errors="0">
  <testcase name="verifyContacsPageLabelTest" time="6.544" classname="com.crm.qa.ContactsPageTest"/>
  <testcase name="selectContactsByNameTest" time="5.828" classname="com.crm.qa.ContactsPageTest"/>
  <testcase name="selectMultipleContactsByNameTest" time="5.978" classname="com.crm.qa.ContactsPageTest"/>
  <testcase name="validateCreateNewContact" time="8.211" classname="com.crm.qa.ContactsPageTest"/>
  <testcase name="validateCreateNewContact" time="8.511" classname="com.crm.qa.ContactsPageTest"/>
  <testcase name="validateCreateNewContact" time="8.188" classname="com.crm.qa.ContactsPageTest"/>
</testsuite> <!-- com.crm.qa.ContactsPageTest -->
