<?xml version="1.0" encoding="UTF-8"?>
<!-- Generated by org.testng.reporters.JUnitReportReporter -->
<testsuite skipped="0" hostname="prakashs-MacBook-Air.local" name="com.crm.qa.HomePageTest" tests="3" failures="0" timestamp="12 Jul 2018 22:15:27 GMT" time="17.757" errors="0">
  <testcase name="verifyHomePageTitleTest" time="5.673" classname="com.crm.qa.HomePageTest"/>
  <testcase name="verifyUserNameTest" time="5.192" classname="com.crm.qa.HomePageTest"/>
  <testcase name="verifyContactsLinkTest" time="6.892" classname="com.crm.qa.HomePageTest"/>
</testsuite> <!-- com.crm.qa.HomePageTest -->
