<?xml version="1.0" encoding="UTF-8"?>
<!-- Generated by org.testng.reporters.JUnitReportReporter -->
<testsuite skipped="0" hostname="prakashs-MacBook-Air.local" name="com.crm.qa.LoginPageTest" tests="3" failures="0" timestamp="12 Jul 2018 22:15:27 GMT" time="11.741" errors="0">
  <testcase name="loginPageTitleTest" time="3.816" classname="com.crm.qa.LoginPageTest"/>
  <testcase name="crmLogoImageTest" time="2.802" classname="com.crm.qa.LoginPageTest"/>
  <testcase name="loginTest" time="5.123" classname="com.crm.qa.LoginPageTest"/>
</testsuite> <!-- com.crm.qa.LoginPageTest -->
